<?xml version="1.0" encoding="UTF-8"?>
<testsuites name="Mocha Tests" time="9.276" tests="3" failures="0">
  <testsuite name="Root Suite" timestamp="2025-10-16T21:37:47" tests="0" file="..\tests\Cypress\e2e\login.cy.js" time="0.000" failures="0">
  </testsuite>
  <testsuite name="Login E2E" timestamp="2025-10-16T21:37:47" tests="3" time="9.273" failures="0">
    <testcase name="Login E2E Carga la página de login" time="2.735" classname="Carga la página de login">
    </testcase>
    <testcase name="Login E2E Muestra error con credenciales inválidas" time="2.538" classname="Muestra error con credenciales inválidas">
    </testcase>
    <testcase name="Login E2E Login exitoso redirige a Home" time="3.474" classname="Login exitoso redirige a Home">
    </testcase>
  </testsuite>
</testsuites>