<?xml version="1.0" encoding="UTF-8"?>
<testsuites name="Mocha Tests" time="9.455" tests="2" failures="0">
  <testsuite name="Root Suite" timestamp="2025-10-16T17:38:25" tests="0" file="..\tests\Cypress\e2e\register.cy.js" time="0.000" failures="0">
  </testsuite>
  <testsuite name="Registro E2E" timestamp="2025-10-16T17:38:25" tests="2" time="9.454" failures="0">
    <testcase name="Registro E2E Registro de usuario" time="5.120" classname="Registro de usuario">
    </testcase>
    <testcase name="Registro E2E Registro de usuario existente" time="4.092" classname="Registro de usuario existente">
    </testcase>
  </testsuite>
</testsuites>