<?xml version="1.0" encoding="UTF-8"?>
<testsuites name="Mocha Tests" time="11.327" tests="6" failures="0">
  <testsuite name="Root Suite" timestamp="2025-10-16T21:37:30" tests="0" file="..\tests\Cypress\e2e\home.cy.js" time="0.000" failures="0">
  </testsuite>
  <testsuite name="Home E2E" timestamp="2025-10-16T21:37:30" tests="6" time="11.323" failures="0">
    <testcase name="Home E2E Lista productos desde la API" time="3.098" classname="Lista productos desde la API">
    </testcase>
    <testcase name="Home E2E Muestra mensaje cuando no hay productos" time="1.148" classname="Muestra mensaje cuando no hay productos">
    </testcase>
    <testcase name="Home E2E Filtra por categoría" time="1.690" classname="Filtra por categoría">
    </testcase>
    <testcase name="Home E2E Ordenar los productos por precio de menor a mayor" time="1.658" classname="Ordenar los productos por precio de menor a mayor">
    </testcase>
    <testcase name="Home E2E Ordenar los productos por precio de mayor a menor" time="1.772" classname="Ordenar los productos por precio de mayor a menor">
    </testcase>
    <testcase name="Home E2E Debería ordenar por fecha de vencimiento ascendente" time="1.456" classname="Debería ordenar por fecha de vencimiento ascendente">
    </testcase>
  </testsuite>
</testsuites>