<?xml version="1.0" encoding="UTF-8"?>
<testsuites name="Mocha Tests" time="7.603" tests="1" failures="0">
  <testsuite name="Root Suite" timestamp="2025-10-16T04:30:39" tests="0" file="..\tests\e2e\login.cy.js" time="0.000" failures="0">
  </testsuite>
  <testsuite name="Prueba básica de la página de inicio" timestamp="2025-10-16T04:30:39" tests="1" time="7.602" failures="0">
    <testcase name="Prueba básica de la página de inicio Debe cargar la página y verificar el título" time="2.826" classname="Debe cargar la página y verificar el título">
    </testcase>
  </testsuite>
</testsuites>